<?xml version="1.0" encoding="UTF-8"?>
<!-- Generated by org.testng.reporters.JUnitXMLReporter -->
<testsuite ignored="4" hostname="Desktop-Monitor-2nd-Floor-Room3" failures="0" tests="5" name="Test(failed)" time="0.12" errors="0" timestamp="2024-08-11T09:32:59 IST">
  <testcase classname="com.actitime.testscript.ProjectModule" name="deleteProject" time="0.01"/>
  <testcase classname="com.actitime.testscript.TaskModule" name="modifyTask" time="0.01"/>
  <testcase classname="com.actitime.testscript.TaskModule" name="createTask" time="0.005"/>
  <testcase classname="com.actitime.testscript.CustomerModule" name="modifyCustomer" time="0.003"/>
  <testcase classname="com.actitime.testscript.CustomerModule" name="createCustomer" time="0.009"/>
  <testcase classname="com.actitime.testscript.CustomerModule" name="deleteCustomer" time="0.0">
    <ignored/>
  </testcase> <!-- deleteCustomer -->
  <testcase classname="com.actitime.testscript.ProjectModule" name="modifyProject" time="0.0">
    <ignored/>
  </testcase> <!-- modifyProject -->
  <testcase classname="com.actitime.testscript.ProjectModule" name="createProject" time="0.0">
    <ignored/>
  </testcase> <!-- createProject -->
  <testcase classname="com.actitime.testscript.TaskModule" name="deleteTask" time="0.0">
    <ignored/>
  </testcase> <!-- deleteTask -->
</testsuite> <!-- Test(failed) -->
