<?xml version="1.0" encoding="UTF-8"?>
<!-- Generated by org.testng.reporters.JUnitXMLReporter -->
<testsuite ignored="4" hostname="Desktop-Monitor-2nd-Floor-Room3" failures="0" tests="9" name="TestB" time="47.03" errors="0" timestamp="2024-08-17T13:02:24 IST">
  <testcase classname="com.actitime.testscript.ProjectModule" name="createProject" time="4.397"/>
  <testcase classname="com.actitime.testscript.ProjectModule" name="deleteProject" time="1.909"/>
  <testcase classname="com.actitime.testscript.ProjectModule" name="modifyProject" time="3.435"/>
  <testcase classname="com.actitime.testscript.CustomerModule" name="createCustomer" time="0.0">
    <skipped/>
  </testcase> <!-- createCustomer -->
  <testcase classname="com.actitime.testscript.CustomerModule" name="deleteCustomer" time="0.001">
    <skipped/>
  </testcase> <!-- deleteCustomer -->
  <testcase classname="com.actitime.testscript.CustomerModule" name="modifyCustomer" time="0.0">
    <skipped/>
  </testcase> <!-- modifyCustomer -->
  <testcase classname="com.actitime.testscript.TaskModule" name="createTask" time="0.0">
    <skipped/>
  </testcase> <!-- createTask -->
  <testcase classname="com.actitime.testscript.TaskModule" name="deleteTask" time="0.0">
    <skipped/>
  </testcase> <!-- deleteTask -->
  <testcase classname="com.actitime.testscript.TaskModule" name="modifyTask" time="0.0">
    <skipped/>
  </testcase> <!-- modifyTask -->
  <testcase classname="com.actitime.generic.BaseClass" name="@BeforeTest openBrowser" time="0.0">
    <ignored/>
  </testcase> <!-- @BeforeTest openBrowser -->
  <testcase classname="com.actitime.generic.BaseClass" name="@AfterTest closeBrowser" time="0.0">
    <ignored/>
  </testcase> <!-- @AfterTest closeBrowser -->
  <testcase classname="com.actitime.generic.BaseClass" name="@BeforeTest openBrowser" time="0.0">
    <ignored/>
  </testcase> <!-- @BeforeTest openBrowser -->
  <testcase classname="com.actitime.generic.BaseClass" name="@AfterTest closeBrowser" time="0.0">
    <ignored/>
  </testcase> <!-- @AfterTest closeBrowser -->
</testsuite> <!-- TestB -->
