<?xml version="1.0" encoding="UTF-8"?>
<!-- Generated by org.testng.reporters.JUnitXMLReporter -->
<testsuite ignored="4" hostname="Desktop-Monitor-2nd-Floor-Room3" failures="0" tests="9" name="TestA" time="45.732" errors="0" timestamp="2024-08-17T13:02:23 IST">
  <testcase classname="com.actitime.generic.BaseClass" name="@BeforeMethod login" time="0.006">
    <failure type="java.lang.NullPointerException" message="Cannot invoke &amp;quot;org.openqa.selenium.WebDriver.findElement(org.openqa.selenium.By)&amp;quot; because &amp;quot;this.driver&amp;quot; is null">
      <![CDATA[java.lang.NullPointerException: Cannot invoke "org.openqa.selenium.WebDriver.findElement(org.openqa.selenium.By)" because "this.driver" is null
at com.actitime.generic.BaseClass.login(BaseClass.java:35)
at java.base/java.util.ArrayList.forEach(ArrayList.java:1511)
at java.base/java.util.concurrent.FutureTask.run(FutureTask.java:264)
at java.base/java.util.concurrent.ThreadPoolExecutor.runWorker(ThreadPoolExecutor.java:1136)
at java.base/java.util.concurrent.ThreadPoolExecutor$Worker.run(ThreadPoolExecutor.java:635)
at java.base/java.lang.Thread.run(Thread.java:833)
... Removed 21 stack frames]]>
    </failure>
  </testcase> <!-- @BeforeMethod login -->
  <testcase classname="com.actitime.generic.BaseClass" name="@AfterMethod logout" time="0.0">
    <skipped/>
  </testcase> <!-- @AfterMethod logout -->
  <testcase classname="com.actitime.generic.BaseClass" name="@BeforeMethod login" time="0.0">
    <skipped/>
  </testcase> <!-- @BeforeMethod login -->
  <testcase classname="com.actitime.generic.BaseClass" name="@AfterMethod logout" time="0.0">
    <skipped/>
  </testcase> <!-- @AfterMethod logout -->
  <testcase classname="com.actitime.generic.BaseClass" name="@BeforeMethod login" time="0.0">
    <skipped/>
  </testcase> <!-- @BeforeMethod login -->
  <testcase classname="com.actitime.generic.BaseClass" name="@AfterMethod logout" time="0.0">
    <skipped/>
  </testcase> <!-- @AfterMethod logout -->
  <testcase classname="com.actitime.generic.BaseClass" name="@BeforeMethod login" time="0.01">
    <failure type="java.lang.NullPointerException" message="Cannot invoke &amp;quot;org.openqa.selenium.WebDriver.findElement(org.openqa.selenium.By)&amp;quot; because &amp;quot;this.driver&amp;quot; is null">
      <![CDATA[java.lang.NullPointerException: Cannot invoke "org.openqa.selenium.WebDriver.findElement(org.openqa.selenium.By)" because "this.driver" is null
at com.actitime.generic.BaseClass.login(BaseClass.java:35)
at java.base/java.util.ArrayList.forEach(ArrayList.java:1511)
at java.base/java.util.concurrent.FutureTask.run(FutureTask.java:264)
at java.base/java.util.concurrent.ThreadPoolExecutor.runWorker(ThreadPoolExecutor.java:1136)
at java.base/java.util.concurrent.ThreadPoolExecutor$Worker.run(ThreadPoolExecutor.java:635)
at java.base/java.lang.Thread.run(Thread.java:833)
... Removed 21 stack frames]]>
    </failure>
  </testcase> <!-- @BeforeMethod login -->
  <testcase classname="com.actitime.generic.BaseClass" name="@AfterMethod logout" time="0.0">
    <skipped/>
  </testcase> <!-- @AfterMethod logout -->
  <testcase classname="com.actitime.generic.BaseClass" name="@BeforeMethod login" time="0.0">
    <skipped/>
  </testcase> <!-- @BeforeMethod login -->
  <testcase classname="com.actitime.generic.BaseClass" name="@AfterMethod logout" time="0.0">
    <skipped/>
  </testcase> <!-- @AfterMethod logout -->
  <testcase classname="com.actitime.generic.BaseClass" name="@BeforeMethod login" time="0.0">
    <skipped/>
  </testcase> <!-- @BeforeMethod login -->
  <testcase classname="com.actitime.generic.BaseClass" name="@AfterMethod logout" time="0.0">
    <skipped/>
  </testcase> <!-- @AfterMethod logout -->
  <testcase classname="com.actitime.generic.BaseClass" name="@BeforeMethod login" time="0.001">
    <failure type="java.lang.NullPointerException" message="Cannot invoke &amp;quot;org.openqa.selenium.WebDriver.findElement(org.openqa.selenium.By)&amp;quot; because &amp;quot;this.driver&amp;quot; is null">
      <![CDATA[java.lang.NullPointerException: Cannot invoke "org.openqa.selenium.WebDriver.findElement(org.openqa.selenium.By)" because "this.driver" is null
at com.actitime.generic.BaseClass.login(BaseClass.java:35)
at java.base/java.util.ArrayList.forEach(ArrayList.java:1511)
at java.base/java.util.concurrent.FutureTask.run(FutureTask.java:264)
at java.base/java.util.concurrent.ThreadPoolExecutor.runWorker(ThreadPoolExecutor.java:1136)
at java.base/java.util.concurrent.ThreadPoolExecutor$Worker.run(ThreadPoolExecutor.java:635)
at java.base/java.lang.Thread.run(Thread.java:833)
... Removed 21 stack frames]]>
    </failure>
  </testcase> <!-- @BeforeMethod login -->
  <testcase classname="com.actitime.generic.BaseClass" name="@AfterMethod logout" time="0.0">
    <skipped/>
  </testcase> <!-- @AfterMethod logout -->
  <testcase classname="com.actitime.generic.BaseClass" name="@BeforeMethod login" time="0.0">
    <skipped/>
  </testcase> <!-- @BeforeMethod login -->
  <testcase classname="com.actitime.generic.BaseClass" name="@AfterMethod logout" time="0.0">
    <skipped/>
  </testcase> <!-- @AfterMethod logout -->
  <testcase classname="com.actitime.generic.BaseClass" name="@BeforeMethod login" time="0.0">
    <skipped/>
  </testcase> <!-- @BeforeMethod login -->
  <testcase classname="com.actitime.generic.BaseClass" name="@AfterMethod logout" time="0.0">
    <skipped/>
  </testcase> <!-- @AfterMethod logout -->
  <testcase classname="com.actitime.generic.BaseClass" name="@BeforeMethod login" time="0.001">
    <failure type="java.lang.NullPointerException" message="Cannot invoke &amp;quot;org.openqa.selenium.WebDriver.findElement(org.openqa.selenium.By)&amp;quot; because &amp;quot;this.driver&amp;quot; is null">
      <![CDATA[java.lang.NullPointerException: Cannot invoke "org.openqa.selenium.WebDriver.findElement(org.openqa.selenium.By)" because "this.driver" is null
at com.actitime.generic.BaseClass.login(BaseClass.java:35)
at java.base/java.util.ArrayList.forEach(ArrayList.java:1511)
at java.base/java.util.concurrent.FutureTask.run(FutureTask.java:264)
at java.base/java.util.concurrent.ThreadPoolExecutor.runWorker(ThreadPoolExecutor.java:1136)
at java.base/java.util.concurrent.ThreadPoolExecutor$Worker.run(ThreadPoolExecutor.java:635)
at java.base/java.lang.Thread.run(Thread.java:833)
... Removed 21 stack frames]]>
    </failure>
  </testcase> <!-- @BeforeMethod login -->
  <testcase classname="com.actitime.generic.BaseClass" name="@AfterMethod logout" time="0.0">
    <skipped/>
  </testcase> <!-- @AfterMethod logout -->
  <testcase classname="com.actitime.generic.BaseClass" name="@BeforeMethod login" time="0.0">
    <skipped/>
  </testcase> <!-- @BeforeMethod login -->
  <testcase classname="com.actitime.generic.BaseClass" name="@AfterMethod logout" time="0.0">
    <skipped/>
  </testcase> <!-- @AfterMethod logout -->
  <testcase classname="com.actitime.generic.BaseClass" name="@BeforeMethod login" time="0.0">
    <skipped/>
  </testcase> <!-- @BeforeMethod login -->
  <testcase classname="com.actitime.generic.BaseClass" name="@AfterMethod logout" time="0.0">
    <skipped/>
  </testcase> <!-- @AfterMethod logout -->
  <testcase classname="com.actitime.testscript.ProjectModule" name="createProject" time="8.265"/>
  <testcase classname="com.actitime.testscript.ProjectModule" name="deleteProject" time="2.127"/>
  <testcase classname="com.actitime.testscript.ProjectModule" name="modifyProject" time="2.697"/>
  <testcase classname="com.actitime.testscript.CustomerModule" name="createCustomer" time="0.0">
    <skipped/>
  </testcase> <!-- createCustomer -->
  <testcase classname="com.actitime.testscript.CustomerModule" name="deleteCustomer" time="0.0">
    <skipped/>
  </testcase> <!-- deleteCustomer -->
  <testcase classname="com.actitime.testscript.CustomerModule" name="modifyCustomer" time="0.0">
    <skipped/>
  </testcase> <!-- modifyCustomer -->
  <testcase classname="com.actitime.testscript.TaskModule" name="createTask" time="0.0">
    <skipped/>
  </testcase> <!-- createTask -->
  <testcase classname="com.actitime.testscript.TaskModule" name="deleteTask" time="0.0">
    <skipped/>
  </testcase> <!-- deleteTask -->
  <testcase classname="com.actitime.testscript.TaskModule" name="modifyTask" time="0.0">
    <skipped/>
  </testcase> <!-- modifyTask -->
  <testcase classname="com.actitime.generic.BaseClass" name="@BeforeTest openBrowser" time="0.0">
    <ignored/>
  </testcase> <!-- @BeforeTest openBrowser -->
  <testcase classname="com.actitime.generic.BaseClass" name="@AfterTest closeBrowser" time="0.0">
    <ignored/>
  </testcase> <!-- @AfterTest closeBrowser -->
  <testcase classname="com.actitime.generic.BaseClass" name="@BeforeTest openBrowser" time="0.0">
    <ignored/>
  </testcase> <!-- @BeforeTest openBrowser -->
  <testcase classname="com.actitime.generic.BaseClass" name="@AfterTest closeBrowser" time="0.0">
    <ignored/>
  </testcase> <!-- @AfterTest closeBrowser -->
</testsuite> <!-- TestA -->
