<?xml version="1.0" encoding="UTF-8"?>
<testng-results ignored="0" total="1" passed="1" failed="0" skipped="0">
  <reporter-output>
  </reporter-output>
  <suite started-at="2024-08-24T10:39:56 IST" name="Default suite" finished-at="2024-08-24T10:40:07 IST" duration-ms="11874">
    <groups>
    </groups>
    <test started-at="2024-08-24T10:39:56 IST" name="Default test" finished-at="2024-08-24T10:40:07 IST" duration-ms="11874">
      <class name="demotest.ExecutionClass">
        <test-method signature="demo()[pri:0, instance:demotest.ExecutionClass@31ea9581]" started-at="2024-08-24T10:39:56 IST" name="demo" finished-at="2024-08-24T10:40:07 IST" duration-ms="11700" status="PASS">
          <reporter-output>
          </reporter-output>
        </test-method> <!-- demo -->
      </class> <!-- demotest.ExecutionClass -->
    </test> <!-- Default test -->
  </suite> <!-- Default suite -->
</testng-results>
